<?xml version="1.0" encoding="UTF-8"?>
<!-- Generated by org.testng.reporters.JUnitReportReporter -->
<testsuite hostname="LAPTOP-VT572C4M" failures="0" tests="3" name="RunTest.TestClass" time="195.981" errors="0" timestamp="2021-04-15T12:01:47 IST" skipped="0">
  <testcase classname="RunTest.TestClass" name="getHospitalNames" time="178.989"/>
  <system-out/>
  <testcase classname="RunTest.TestClass" name="Diagnosticpage" time="5.096"/>
  <system-out/>
  <testcase classname="RunTest.TestClass" name="CopWelleness" time="11.896"/>
  <system-out/>
</testsuite> <!-- RunTest.TestClass -->
